<?xml version="1.0" encoding="UTF-8"?>
<testsuite name="basicTests.SimpleTest" tests="1" skipped="0" failures="0" errors="0" timestamp="2019-10-16T13:13:30" hostname="XPS13" time="0.002">
  <properties/>
  <testcase name="test1" classname="basicTests.SimpleTest" time="0.002"/>
  <system-out><![CDATA[Test 1 works
]]></system-out>
  <system-err><![CDATA[]]></system-err>
</testsuite>
